[I 2025-06-11 19:18:37,136] Trial 9 finished with value: 2.8056980761176398 and parameters: {'max_depth': 7, 'learning_rate': 0.030816017044468066, 'n_estimators': 78, 'subsample': 0.7243929286862649, 'colsample_bytree': 0.7300733288106989, 'gamma': 3.64803089169032, 'min_child_weight': 7, 'alpha': 0.9658611176861268, 'lambda': 0.0001778010520878397}. Best is trial 9 with value: 2.8056980761176398.
Traceback (most recent call last):
  File "/mnt/d/ml_project_refactored/xgboost_feature_removal_proper.py", line 941, in <module>
    main()
  File "/mnt/d/ml_project_refactored/xgboost_feature_removal_proper.py", line 937, in main
    analyzer.run_analysis()
  File "/mnt/d/ml_project_refactored/xgboost_feature_removal_proper.py", line 132, in run_analysis
    self._generate_visualizations()
  File "/mnt/d/ml_project_refactored/xgboost_feature_removal_proper.py", line 687, in _generate_visualizations
    bars3 = ax.bar(x + width, baseline_values, width, label='Best Baseline', alpha=0.8, color='#9b59b6')
            ^^^^^^^^^^^^^^^^^^^^^^^^^^^^^^^^^^^^^^^^^^^^^^^^^^^^^^^^^^^^^^^^^^^^^^^^^^^^^^^^^^^^^^^^^^^^
  File "/mnt/d/ml_project_refactored/.venv/lib/python3.12/site-packages/matplotlib/__init__.py", line 1521, in inner
    return func(
           ^^^^^
  File "/mnt/d/ml_project_refactored/.venv/lib/python3.12/site-packages/matplotlib/axes/_axes.py", line 2646, in bar
    r = mpatches.Rectangle(
        ^^^^^^^^^^^^^^^^^^^
  File "/mnt/d/ml_project_refactored/.venv/lib/python3.12/site-packages/matplotlib/patches.py", line 786, in __init__
    self._convert_units()  # Validate the inputs.
    ^^^^^^^^^^^^^^^^^^^^^
  File "/mnt/d/ml_project_refactored/.venv/lib/python3.12/site-packages/matplotlib/patches.py", line 797, in _convert_units
    y1 = self.convert_yunits(self._y0 + self._height)
                             ~~~~~~~~~^~~~~~~~~~~~~~
TypeError: unsupported operand type(s) for +: 'int' and 'NoneType'
